This is pdfTeX, Version 3.14159265-2.6-1.40.18 (TeX Live 2017/Debian) (preloaded format=pdflatex 2019.2.22)  27 JUN 2019 09:27
entering extended mode
 restricted \write18 enabled.
 %&-line parsing enabled.
**2019-06-28-suli
(./2019-06-28-suli.tex
LaTeX2e <2017-04-15>
Babel <3.18> and hyphenation patterns for 84 language(s) loaded.
(/usr/share/texlive/texmf-dist/tex/latex/beamer/beamer.cls
Document Class: beamer 2018/02/20 v3.50 A class for typesetting presentations
(/usr/share/texlive/texmf-dist/tex/latex/beamer/beamerbasemodes.sty
(/usr/share/texlive/texmf-dist/tex/latex/etoolbox/etoolbox.sty
Package: etoolbox 2018/02/11 v2.5e e-TeX tools for LaTeX (JAW)
\etb@tempcnta=\count79
)
\beamer@tempbox=\box26
\beamer@tempcount=\count80
\c@beamerpauses=\count81

(/usr/share/texlive/texmf-dist/tex/latex/beamer/beamerbasedecode.sty
\beamer@slideinframe=\count82
\beamer@minimum=\count83
)
\beamer@commentbox=\box27
\beamer@modecount=\count84
)
(/usr/share/texlive/texmf-dist/tex/generic/oberdiek/ifpdf.sty
Package: ifpdf 2017/03/15 v3.2 Provides the ifpdf switch
)
\headdp=\dimen102
\footheight=\dimen103
\sidebarheight=\dimen104
\beamer@tempdim=\dimen105
\beamer@finalheight=\dimen106
\beamer@animht=\dimen107
\beamer@animdp=\dimen108
\beamer@animwd=\dimen109
\beamer@leftmargin=\dimen110
\beamer@rightmargin=\dimen111
\beamer@leftsidebar=\dimen112
\beamer@rightsidebar=\dimen113
\beamer@boxsize=\dimen114
\beamer@vboxoffset=\dimen115
\beamer@descdefault=\dimen116
\beamer@descriptionwidth=\dimen117
\beamer@lastskip=\skip41
\beamer@areabox=\box28
\beamer@animcurrent=\box29
\beamer@animshowbox=\box30
\beamer@sectionbox=\box31
\beamer@logobox=\box32
\beamer@linebox=\box33
\beamer@sectioncount=\count85
\beamer@subsubsectionmax=\count86
\beamer@subsectionmax=\count87
\beamer@sectionmax=\count88
\beamer@totalheads=\count89
\beamer@headcounter=\count90
\beamer@partstartpage=\count91
\beamer@sectionstartpage=\count92
\beamer@subsectionstartpage=\count93
\beamer@animationtempa=\count94
\beamer@animationtempb=\count95
\beamer@xpos=\count96
\beamer@ypos=\count97
\beamer@ypos@offset=\count98
\beamer@showpartnumber=\count99
\beamer@currentsubsection=\count100
\beamer@coveringdepth=\count101
\beamer@sectionadjust=\count102
\beamer@tocsectionnumber=\count103

(/usr/share/texlive/texmf-dist/tex/latex/beamer/beamerbaseoptions.sty
(/usr/share/texlive/texmf-dist/tex/latex/graphics/keyval.sty
Package: keyval 2014/10/28 v1.15 key=value parser (DPC)
\KV@toks@=\toks14
))
\beamer@paperwidth=\skip42
\beamer@paperheight=\skip43

(/usr/share/texlive/texmf-dist/tex/latex/geometry/geometry.sty
Package: geometry 2010/09/12 v5.6 Page Geometry

(/usr/share/texlive/texmf-dist/tex/generic/oberdiek/ifvtex.sty
Package: ifvtex 2016/05/16 v1.6 Detect VTeX and its facilities (HO)
Package ifvtex Info: VTeX not detected.
)
(/usr/share/texlive/texmf-dist/tex/generic/ifxetex/ifxetex.sty
Package: ifxetex 2010/09/12 v0.6 Provides ifxetex conditional
)
\Gm@cnth=\count104
\Gm@cntv=\count105
\c@Gm@tempcnt=\count106
\Gm@bindingoffset=\dimen118
\Gm@wd@mp=\dimen119
\Gm@odd@mp=\dimen120
\Gm@even@mp=\dimen121
\Gm@layoutwidth=\dimen122
\Gm@layoutheight=\dimen123
\Gm@layouthoffset=\dimen124
\Gm@layoutvoffset=\dimen125
\Gm@dimlist=\toks15
)
(/usr/share/texlive/texmf-dist/tex/latex/base/size11.clo
File: size11.clo 2014/09/29 v1.4h Standard LaTeX file (size option)
)
(/usr/share/texlive/texmf-dist/tex/latex/pgf/basiclayer/pgfcore.sty
(/usr/share/texlive/texmf-dist/tex/latex/graphics/graphicx.sty
Package: graphicx 2017/06/01 v1.1a Enhanced LaTeX Graphics (DPC,SPQR)

(/usr/share/texlive/texmf-dist/tex/latex/graphics/graphics.sty
Package: graphics 2017/06/25 v1.2c Standard LaTeX Graphics (DPC,SPQR)

(/usr/share/texlive/texmf-dist/tex/latex/graphics/trig.sty
Package: trig 2016/01/03 v1.10 sin cos tan (DPC)
)
(/usr/share/texlive/texmf-dist/tex/latex/graphics-cfg/graphics.cfg
File: graphics.cfg 2016/06/04 v1.11 sample graphics configuration
)
Package graphics Info: Driver file: pdftex.def on input line 99.

(/usr/share/texlive/texmf-dist/tex/latex/graphics-def/pdftex.def
File: pdftex.def 2018/01/08 v1.0l Graphics/color driver for pdftex
))
\Gin@req@height=\dimen126
\Gin@req@width=\dimen127
)
(/usr/share/texlive/texmf-dist/tex/latex/pgf/systemlayer/pgfsys.sty
(/usr/share/texlive/texmf-dist/tex/latex/pgf/utilities/pgfrcs.sty
(/usr/share/texlive/texmf-dist/tex/generic/pgf/utilities/pgfutil-common.tex
\pgfutil@everybye=\toks16
\pgfutil@tempdima=\dimen128
\pgfutil@tempdimb=\dimen129

(/usr/share/texlive/texmf-dist/tex/generic/pgf/utilities/pgfutil-common-lists.t
ex)) (/usr/share/texlive/texmf-dist/tex/generic/pgf/utilities/pgfutil-latex.def
\pgfutil@abb=\box34
(/usr/share/texlive/texmf-dist/tex/latex/ms/everyshi.sty
Package: everyshi 2001/05/15 v3.00 EveryShipout Package (MS)
))
(/usr/share/texlive/texmf-dist/tex/generic/pgf/utilities/pgfrcs.code.tex
Package: pgfrcs 2015/08/07 v3.0.1a (rcs-revision 1.31)
))
(/usr/share/texlive/texmf-dist/tex/generic/pgf/systemlayer/pgfsys.code.tex
Package: pgfsys 2014/07/09 v3.0.1a (rcs-revision 1.48)

(/usr/share/texlive/texmf-dist/tex/generic/pgf/utilities/pgfkeys.code.tex
\pgfkeys@pathtoks=\toks17
\pgfkeys@temptoks=\toks18

(/usr/share/texlive/texmf-dist/tex/generic/pgf/utilities/pgfkeysfiltered.code.t
ex
\pgfkeys@tmptoks=\toks19
))
\pgf@x=\dimen130
\pgf@y=\dimen131
\pgf@xa=\dimen132
\pgf@ya=\dimen133
\pgf@xb=\dimen134
\pgf@yb=\dimen135
\pgf@xc=\dimen136
\pgf@yc=\dimen137
\w@pgf@writea=\write3
\r@pgf@reada=\read1
\c@pgf@counta=\count107
\c@pgf@countb=\count108
\c@pgf@countc=\count109
\c@pgf@countd=\count110
\t@pgf@toka=\toks20
\t@pgf@tokb=\toks21
\t@pgf@tokc=\toks22
 (/usr/share/texlive/texmf-dist/tex/generic/pgf/systemlayer/pgf.cfg
File: pgf.cfg 2008/05/14  (rcs-revision 1.7)
)
Driver file for pgf: pgfsys-pdftex.def

(/usr/share/texlive/texmf-dist/tex/generic/pgf/systemlayer/pgfsys-pdftex.def
File: pgfsys-pdftex.def 2014/10/11  (rcs-revision 1.35)

(/usr/share/texlive/texmf-dist/tex/generic/pgf/systemlayer/pgfsys-common-pdf.de
f
File: pgfsys-common-pdf.def 2013/10/10  (rcs-revision 1.13)
)))
(/usr/share/texlive/texmf-dist/tex/generic/pgf/systemlayer/pgfsyssoftpath.code.
tex
File: pgfsyssoftpath.code.tex 2013/09/09  (rcs-revision 1.9)
\pgfsyssoftpath@smallbuffer@items=\count111
\pgfsyssoftpath@bigbuffer@items=\count112
)
(/usr/share/texlive/texmf-dist/tex/generic/pgf/systemlayer/pgfsysprotocol.code.
tex
File: pgfsysprotocol.code.tex 2006/10/16  (rcs-revision 1.4)
)) (/usr/share/texlive/texmf-dist/tex/latex/xcolor/xcolor.sty
Package: xcolor 2016/05/11 v2.12 LaTeX color extensions (UK)

(/usr/share/texlive/texmf-dist/tex/latex/graphics-cfg/color.cfg
File: color.cfg 2016/01/02 v1.6 sample color configuration
)
Package xcolor Info: Driver file: pdftex.def on input line 225.
Package xcolor Info: Model `cmy' substituted by `cmy0' on input line 1348.
Package xcolor Info: Model `hsb' substituted by `rgb' on input line 1352.
Package xcolor Info: Model `RGB' extended on input line 1364.
Package xcolor Info: Model `HTML' substituted by `rgb' on input line 1366.
Package xcolor Info: Model `Hsb' substituted by `hsb' on input line 1367.
Package xcolor Info: Model `tHsb' substituted by `hsb' on input line 1368.
Package xcolor Info: Model `HSB' substituted by `hsb' on input line 1369.
Package xcolor Info: Model `Gray' substituted by `gray' on input line 1370.
Package xcolor Info: Model `wave' substituted by `hsb' on input line 1371.
)
(/usr/share/texlive/texmf-dist/tex/generic/pgf/basiclayer/pgfcore.code.tex
Package: pgfcore 2010/04/11 v3.0.1a (rcs-revision 1.7)

(/usr/share/texlive/texmf-dist/tex/generic/pgf/math/pgfmath.code.tex
(/usr/share/texlive/texmf-dist/tex/generic/pgf/math/pgfmathcalc.code.tex
(/usr/share/texlive/texmf-dist/tex/generic/pgf/math/pgfmathutil.code.tex)
(/usr/share/texlive/texmf-dist/tex/generic/pgf/math/pgfmathparser.code.tex
\pgfmath@dimen=\dimen138
\pgfmath@count=\count113
\pgfmath@box=\box35
\pgfmath@toks=\toks23
\pgfmath@stack@operand=\toks24
\pgfmath@stack@operation=\toks25
)
(/usr/share/texlive/texmf-dist/tex/generic/pgf/math/pgfmathfunctions.code.tex
(/usr/share/texlive/texmf-dist/tex/generic/pgf/math/pgfmathfunctions.basic.code
.tex)
(/usr/share/texlive/texmf-dist/tex/generic/pgf/math/pgfmathfunctions.trigonomet
ric.code.tex)
(/usr/share/texlive/texmf-dist/tex/generic/pgf/math/pgfmathfunctions.random.cod
e.tex)
(/usr/share/texlive/texmf-dist/tex/generic/pgf/math/pgfmathfunctions.comparison
.code.tex)
(/usr/share/texlive/texmf-dist/tex/generic/pgf/math/pgfmathfunctions.base.code.
tex)
(/usr/share/texlive/texmf-dist/tex/generic/pgf/math/pgfmathfunctions.round.code
.tex)
(/usr/share/texlive/texmf-dist/tex/generic/pgf/math/pgfmathfunctions.misc.code.
tex)
(/usr/share/texlive/texmf-dist/tex/generic/pgf/math/pgfmathfunctions.integerari
thmetics.code.tex)))
(/usr/share/texlive/texmf-dist/tex/generic/pgf/math/pgfmathfloat.code.tex
\c@pgfmathroundto@lastzeros=\count114
))
(/usr/share/texlive/texmf-dist/tex/generic/pgf/basiclayer/pgfcorepoints.code.te
x
File: pgfcorepoints.code.tex 2013/10/07  (rcs-revision 1.27)
\pgf@picminx=\dimen139
\pgf@picmaxx=\dimen140
\pgf@picminy=\dimen141
\pgf@picmaxy=\dimen142
\pgf@pathminx=\dimen143
\pgf@pathmaxx=\dimen144
\pgf@pathminy=\dimen145
\pgf@pathmaxy=\dimen146
\pgf@xx=\dimen147
\pgf@xy=\dimen148
\pgf@yx=\dimen149
\pgf@yy=\dimen150
\pgf@zx=\dimen151
\pgf@zy=\dimen152
)
(/usr/share/texlive/texmf-dist/tex/generic/pgf/basiclayer/pgfcorepathconstruct.
code.tex
File: pgfcorepathconstruct.code.tex 2013/10/07  (rcs-revision 1.29)
\pgf@path@lastx=\dimen153
\pgf@path@lasty=\dimen154
)
(/usr/share/texlive/texmf-dist/tex/generic/pgf/basiclayer/pgfcorepathusage.code
.tex
File: pgfcorepathusage.code.tex 2014/11/02  (rcs-revision 1.24)
\pgf@shorten@end@additional=\dimen155
\pgf@shorten@start@additional=\dimen156
)
(/usr/share/texlive/texmf-dist/tex/generic/pgf/basiclayer/pgfcorescopes.code.te
x
File: pgfcorescopes.code.tex 2015/05/08  (rcs-revision 1.46)
\pgfpic=\box36
\pgf@hbox=\box37
\pgf@layerbox@main=\box38
\pgf@picture@serial@count=\count115
)
(/usr/share/texlive/texmf-dist/tex/generic/pgf/basiclayer/pgfcoregraphicstate.c
ode.tex
File: pgfcoregraphicstate.code.tex 2014/11/02  (rcs-revision 1.12)
\pgflinewidth=\dimen157
)
(/usr/share/texlive/texmf-dist/tex/generic/pgf/basiclayer/pgfcoretransformation
s.code.tex
File: pgfcoretransformations.code.tex 2015/08/07  (rcs-revision 1.20)
\pgf@pt@x=\dimen158
\pgf@pt@y=\dimen159
\pgf@pt@temp=\dimen160
)
(/usr/share/texlive/texmf-dist/tex/generic/pgf/basiclayer/pgfcorequick.code.tex
File: pgfcorequick.code.tex 2008/10/09  (rcs-revision 1.3)
)
(/usr/share/texlive/texmf-dist/tex/generic/pgf/basiclayer/pgfcoreobjects.code.t
ex
File: pgfcoreobjects.code.tex 2006/10/11  (rcs-revision 1.2)
)
(/usr/share/texlive/texmf-dist/tex/generic/pgf/basiclayer/pgfcorepathprocessing
.code.tex
File: pgfcorepathprocessing.code.tex 2013/09/09  (rcs-revision 1.9)
)
(/usr/share/texlive/texmf-dist/tex/generic/pgf/basiclayer/pgfcorearrows.code.te
x
File: pgfcorearrows.code.tex 2015/05/14  (rcs-revision 1.43)
\pgfarrowsep=\dimen161
)
(/usr/share/texlive/texmf-dist/tex/generic/pgf/basiclayer/pgfcoreshade.code.tex
File: pgfcoreshade.code.tex 2013/07/15  (rcs-revision 1.15)
\pgf@max=\dimen162
\pgf@sys@shading@range@num=\count116
)
(/usr/share/texlive/texmf-dist/tex/generic/pgf/basiclayer/pgfcoreimage.code.tex
File: pgfcoreimage.code.tex 2013/07/15  (rcs-revision 1.18)

(/usr/share/texlive/texmf-dist/tex/generic/pgf/basiclayer/pgfcoreexternal.code.
tex
File: pgfcoreexternal.code.tex 2014/07/09  (rcs-revision 1.21)
\pgfexternal@startupbox=\box39
))
(/usr/share/texlive/texmf-dist/tex/generic/pgf/basiclayer/pgfcorelayers.code.te
x
File: pgfcorelayers.code.tex 2013/07/18  (rcs-revision 1.7)
)
(/usr/share/texlive/texmf-dist/tex/generic/pgf/basiclayer/pgfcoretransparency.c
ode.tex
File: pgfcoretransparency.code.tex 2013/09/30  (rcs-revision 1.5)
)
(/usr/share/texlive/texmf-dist/tex/generic/pgf/basiclayer/pgfcorepatterns.code.
tex
File: pgfcorepatterns.code.tex 2013/11/07  (rcs-revision 1.5)
))) (/usr/share/texlive/texmf-dist/tex/latex/pgf/utilities/xxcolor.sty
Package: xxcolor 2003/10/24 ver 0.1
\XC@nummixins=\count117
\XC@countmixins=\count118
)
(/usr/share/texlive/texmf-dist/tex/generic/oberdiek/atbegshi.sty
Package: atbegshi 2016/06/09 v1.18 At begin shipout hook (HO)

(/usr/share/texlive/texmf-dist/tex/generic/oberdiek/infwarerr.sty
Package: infwarerr 2016/05/16 v1.4 Providing info/warning/error messages (HO)
)
(/usr/share/texlive/texmf-dist/tex/generic/oberdiek/ltxcmds.sty
Package: ltxcmds 2016/05/16 v1.23 LaTeX kernel commands for general use (HO)
))
(/usr/share/texlive/texmf-dist/tex/latex/hyperref/hyperref.sty
Package: hyperref 2018/02/06 v6.86b Hypertext links for LaTeX

(/usr/share/texlive/texmf-dist/tex/generic/oberdiek/hobsub-hyperref.sty
Package: hobsub-hyperref 2016/05/16 v1.14 Bundle oberdiek, subset hyperref (HO)


(/usr/share/texlive/texmf-dist/tex/generic/oberdiek/hobsub-generic.sty
Package: hobsub-generic 2016/05/16 v1.14 Bundle oberdiek, subset generic (HO)
Package: hobsub 2016/05/16 v1.14 Construct package bundles (HO)
Package hobsub Info: Skipping package `infwarerr' (already loaded).
Package hobsub Info: Skipping package `ltxcmds' (already loaded).
Package: ifluatex 2016/05/16 v1.4 Provides the ifluatex switch (HO)
Package ifluatex Info: LuaTeX not detected.
Package hobsub Info: Skipping package `ifvtex' (already loaded).
Package: intcalc 2016/05/16 v1.2 Expandable calculations with integers (HO)
Package hobsub Info: Skipping package `ifpdf' (already loaded).
Package: etexcmds 2016/05/16 v1.6 Avoid name clashes with e-TeX commands (HO)
Package etexcmds Info: Could not find \expanded.
(etexcmds)             That can mean that you are not using pdfTeX 1.50 or
(etexcmds)             that some package has redefined \expanded.
(etexcmds)             In the latter case, load this package earlier.
Package: kvsetkeys 2016/05/16 v1.17 Key value parser (HO)
Package: kvdefinekeys 2016/05/16 v1.4 Define keys (HO)
Package: pdftexcmds 2018/01/21 v0.26 Utility functions of pdfTeX for LuaTeX (HO
)
Package pdftexcmds Info: LuaTeX not detected.
Package pdftexcmds Info: \pdf@primitive is available.
Package pdftexcmds Info: \pdf@ifprimitive is available.
Package pdftexcmds Info: \pdfdraftmode found.
Package: pdfescape 2016/05/16 v1.14 Implements pdfTeX's escape features (HO)
Package: bigintcalc 2016/05/16 v1.4 Expandable calculations on big integers (HO
)
Package: bitset 2016/05/16 v1.2 Handle bit-vector datatype (HO)
Package: uniquecounter 2016/05/16 v1.3 Provide unlimited unique counter (HO)
)
Package hobsub Info: Skipping package `hobsub' (already loaded).
Package: letltxmacro 2016/05/16 v1.5 Let assignment for LaTeX macros (HO)
Package: hopatch 2016/05/16 v1.3 Wrapper for package hooks (HO)
Package: xcolor-patch 2016/05/16 xcolor patch
Package: atveryend 2016/05/16 v1.9 Hooks at the very end of document (HO)
Package hobsub Info: Skipping package `atbegshi' (already loaded).
Package: refcount 2016/05/16 v3.5 Data extraction from label references (HO)
Package: hycolor 2016/05/16 v1.8 Color options for hyperref/bookmark (HO)
)
(/usr/share/texlive/texmf-dist/tex/latex/oberdiek/auxhook.sty
Package: auxhook 2016/05/16 v1.4 Hooks for auxiliary files (HO)
)
(/usr/share/texlive/texmf-dist/tex/latex/oberdiek/kvoptions.sty
Package: kvoptions 2016/05/16 v3.12 Key value format for package options (HO)
)
\@linkdim=\dimen163
\Hy@linkcounter=\count119
\Hy@pagecounter=\count120

(/usr/share/texlive/texmf-dist/tex/latex/hyperref/pd1enc.def
File: pd1enc.def 2018/02/06 v6.86b Hyperref: PDFDocEncoding definition (HO)
)
\Hy@SavedSpaceFactor=\count121

(/usr/share/texlive/texmf-dist/tex/latex/latexconfig/hyperref.cfg
File: hyperref.cfg 2002/06/06 v1.2 hyperref configuration of TeXLive
)
Package hyperref Info: Option `bookmarks' set `true' on input line 4383.
Package hyperref Info: Option `bookmarksopen' set `true' on input line 4383.
Package hyperref Info: Option `implicit' set `false' on input line 4383.
Package hyperref Info: Hyper figures OFF on input line 4509.
Package hyperref Info: Link nesting OFF on input line 4514.
Package hyperref Info: Hyper index ON on input line 4517.
Package hyperref Info: Plain pages OFF on input line 4524.
Package hyperref Info: Backreferencing OFF on input line 4529.
Package hyperref Info: Implicit mode OFF; no redefinition of LaTeX internals.
Package hyperref Info: Bookmarks ON on input line 4762.
\c@Hy@tempcnt=\count122

(/usr/share/texlive/texmf-dist/tex/latex/url/url.sty
\Urlmuskip=\muskip10
Package: url 2013/09/16  ver 3.4  Verb mode for urls, etc.
)
LaTeX Info: Redefining \url on input line 5115.
\XeTeXLinkMargin=\dimen164
\Fld@menulength=\count123
\Field@Width=\dimen165
\Fld@charsize=\dimen166
Package hyperref Info: Hyper figures OFF on input line 6369.
Package hyperref Info: Link nesting OFF on input line 6374.
Package hyperref Info: Hyper index ON on input line 6377.
Package hyperref Info: backreferencing OFF on input line 6384.
Package hyperref Info: Link coloring OFF on input line 6389.
Package hyperref Info: Link coloring with OCG OFF on input line 6394.
Package hyperref Info: PDF/A mode OFF on input line 6399.
LaTeX Info: Redefining \ref on input line 6439.
LaTeX Info: Redefining \pageref on input line 6443.
\Hy@abspage=\count124


Package hyperref Message: Stopped early.

)
Package hyperref Info: Driver (autodetected): hpdftex.
 (/usr/share/texlive/texmf-dist/tex/latex/hyperref/hpdftex.def
File: hpdftex.def 2018/02/06 v6.86b Hyperref driver for pdfTeX
\Fld@listcount=\count125
\c@bookmark@seq@number=\count126

(/usr/share/texlive/texmf-dist/tex/latex/oberdiek/rerunfilecheck.sty
Package: rerunfilecheck 2016/05/16 v1.8 Rerun checks for auxiliary files (HO)
Package uniquecounter Info: New unique counter `rerunfilecheck' on input line 2
82.
))
(/usr/share/texlive/texmf-dist/tex/latex/beamer/beamerbaserequires.sty
(/usr/share/texlive/texmf-dist/tex/latex/beamer/beamerbasecompatibility.sty)
(/usr/share/texlive/texmf-dist/tex/latex/beamer/beamerbasefont.sty
(/usr/share/texlive/texmf-dist/tex/latex/amsfonts/amssymb.sty
Package: amssymb 2013/01/14 v3.01 AMS font symbols

(/usr/share/texlive/texmf-dist/tex/latex/amsfonts/amsfonts.sty
Package: amsfonts 2013/01/14 v3.01 Basic AMSFonts support
\@emptytoks=\toks26
\symAMSa=\mathgroup4
\symAMSb=\mathgroup5
LaTeX Font Info:    Overwriting math alphabet `\mathfrak' in version `bold'
(Font)                  U/euf/m/n --> U/euf/b/n on input line 106.
))
(/usr/share/texlive/texmf-dist/tex/latex/sansmathaccent/sansmathaccent.sty
Package: sansmathaccent 2013/03/28

(/usr/share/texlive/texmf-dist/tex/latex/filehook/filehook.sty
Package: filehook 2011/10/12 v0.5d Hooks for input files
)))
(/usr/share/texlive/texmf-dist/tex/latex/beamer/beamerbasetranslator.sty
(/usr/share/texlive/texmf-dist/tex/latex/translator/translator.sty
Package: translator 2018/01/04 v1.12 Easy translation of strings in LaTeX
))
(/usr/share/texlive/texmf-dist/tex/latex/beamer/beamerbasemisc.sty)
(/usr/share/texlive/texmf-dist/tex/latex/beamer/beamerbasetwoscreens.sty)
(/usr/share/texlive/texmf-dist/tex/latex/beamer/beamerbaseoverlay.sty
\beamer@argscount=\count127
\beamer@lastskipcover=\skip44
\beamer@trivlistdepth=\count128
)
(/usr/share/texlive/texmf-dist/tex/latex/beamer/beamerbasetitle.sty)
(/usr/share/texlive/texmf-dist/tex/latex/beamer/beamerbasesection.sty
\c@lecture=\count129
\c@part=\count130
\c@section=\count131
\c@subsection=\count132
\c@subsubsection=\count133
)
(/usr/share/texlive/texmf-dist/tex/latex/beamer/beamerbaseframe.sty
\beamer@framebox=\box40
\beamer@frametitlebox=\box41
\beamer@zoombox=\box42
\beamer@zoomcount=\count134
\beamer@zoomframecount=\count135
\beamer@frametextheight=\dimen167
\c@subsectionslide=\count136
\beamer@frametopskip=\skip45
\beamer@framebottomskip=\skip46
\beamer@frametopskipautobreak=\skip47
\beamer@framebottomskipautobreak=\skip48
\beamer@envbody=\toks27
\framewidth=\dimen168
\c@framenumber=\count137
)
(/usr/share/texlive/texmf-dist/tex/latex/beamer/beamerbaseverbatim.sty
\beamer@verbatimfileout=\write4
)
(/usr/share/texlive/texmf-dist/tex/latex/beamer/beamerbaseframesize.sty
\beamer@splitbox=\box43
\beamer@autobreakcount=\count138
\beamer@autobreaklastheight=\dimen169
\beamer@frametitletoks=\toks28
\beamer@framesubtitletoks=\toks29
)
(/usr/share/texlive/texmf-dist/tex/latex/beamer/beamerbaseframecomponents.sty
\beamer@footins=\box44
)
(/usr/share/texlive/texmf-dist/tex/latex/beamer/beamerbasecolor.sty
\beamer@bg@ht=\dimen170
\beamer@bg@wd=\dimen171
\beamer@bg@dp=\dimen172
)
(/usr/share/texlive/texmf-dist/tex/latex/beamer/beamerbasenotes.sty
\beamer@frameboxcopy=\box45
)
(/usr/share/texlive/texmf-dist/tex/latex/beamer/beamerbasetoc.sty)
(/usr/share/texlive/texmf-dist/tex/latex/beamer/beamerbasetemplates.sty
\beamer@sbttoks=\toks30

(/usr/share/texlive/texmf-dist/tex/latex/beamer/beamerbaseauxtemplates.sty
(/usr/share/texlive/texmf-dist/tex/latex/beamer/beamerbaseboxes.sty
\bmb@box=\box46
\bmb@colorbox=\box47
\bmb@boxshadow=\box48
\bmb@boxshadowball=\box49
\bmb@boxshadowballlarge=\box50
\bmb@temp=\dimen173
\bmb@dima=\dimen174
\bmb@dimb=\dimen175
\bmb@prevheight=\dimen176
)
\beamer@blockheadheight=\dimen177
))
(/usr/share/texlive/texmf-dist/tex/latex/beamer/beamerbaselocalstructure.sty
(/usr/share/texlive/texmf-dist/tex/latex/tools/enumerate.sty
Package: enumerate 2015/07/23 v3.00 enumerate extensions (DPC)
\@enLab=\toks31
)
\c@figure=\count139
\c@table=\count140
\abovecaptionskip=\skip49
\belowcaptionskip=\skip50
)
(/usr/share/texlive/texmf-dist/tex/latex/beamer/beamerbasenavigation.sty
\beamer@section@min@dim=\dimen178
)
(/usr/share/texlive/texmf-dist/tex/latex/beamer/beamerbasetheorems.sty
(/usr/share/texlive/texmf-dist/tex/latex/amsmath/amsmath.sty
Package: amsmath 2017/09/02 v2.17a AMS math features
\@mathmargin=\skip51

For additional information on amsmath, use the `?' option.
(/usr/share/texlive/texmf-dist/tex/latex/amsmath/amstext.sty
Package: amstext 2000/06/29 v2.01 AMS text

(/usr/share/texlive/texmf-dist/tex/latex/amsmath/amsgen.sty
File: amsgen.sty 1999/11/30 v2.0 generic functions
\@emptytoks=\toks32
\ex@=\dimen179
))
(/usr/share/texlive/texmf-dist/tex/latex/amsmath/amsbsy.sty
Package: amsbsy 1999/11/29 v1.2d Bold Symbols
\pmbraise@=\dimen180
)
(/usr/share/texlive/texmf-dist/tex/latex/amsmath/amsopn.sty
Package: amsopn 2016/03/08 v2.02 operator names
)
\inf@bad=\count141
LaTeX Info: Redefining \frac on input line 213.
\uproot@=\count142
\leftroot@=\count143
LaTeX Info: Redefining \overline on input line 375.
\classnum@=\count144
\DOTSCASE@=\count145
LaTeX Info: Redefining \ldots on input line 472.
LaTeX Info: Redefining \dots on input line 475.
LaTeX Info: Redefining \cdots on input line 596.
\Mathstrutbox@=\box51
\strutbox@=\box52
\big@size=\dimen181
LaTeX Font Info:    Redeclaring font encoding OML on input line 712.
LaTeX Font Info:    Redeclaring font encoding OMS on input line 713.
\macc@depth=\count146
\c@MaxMatrixCols=\count147
\dotsspace@=\muskip11
\c@parentequation=\count148
\dspbrk@lvl=\count149
\tag@help=\toks33
\row@=\count150
\column@=\count151
\maxfields@=\count152
\andhelp@=\toks34
\eqnshift@=\dimen182
\alignsep@=\dimen183
\tagshift@=\dimen184
\tagwidth@=\dimen185
\totwidth@=\dimen186
\lineht@=\dimen187
\@envbody=\toks35
\multlinegap=\skip52
\multlinetaggap=\skip53
\mathdisplay@stack=\toks36
LaTeX Info: Redefining \[ on input line 2817.
LaTeX Info: Redefining \] on input line 2818.
)
(/usr/share/texlive/texmf-dist/tex/latex/amscls/amsthm.sty
Package: amsthm 2017/10/31 v2.20.4
\thm@style=\toks37
\thm@bodyfont=\toks38
\thm@headfont=\toks39
\thm@notefont=\toks40
\thm@headpunct=\toks41
\thm@preskip=\skip54
\thm@postskip=\skip55
\thm@headsep=\skip56
\dth@everypar=\toks42
)
\c@theorem=\count153
)
(/usr/share/texlive/texmf-dist/tex/latex/beamer/beamerbasethemes.sty))
(/usr/share/texlive/texmf-dist/tex/latex/beamer/beamerthemedefault.sty
(/usr/share/texlive/texmf-dist/tex/latex/beamer/beamerfontthemedefault.sty)
(/usr/share/texlive/texmf-dist/tex/latex/beamer/beamercolorthemedefault.sty)
(/usr/share/texlive/texmf-dist/tex/latex/beamer/beamerinnerthemedefault.sty
\beamer@dima=\dimen188
\beamer@dimb=\dimen189
)
(/usr/share/texlive/texmf-dist/tex/latex/beamer/beamerouterthemedefault.sty)))
(/usr/share/texlive/texmf-dist/tex/latex/beamer/beamerthemesplit.sty
(/usr/share/texlive/texmf-dist/tex/latex/beamer/beamercolorthemewhale.sty)
(/usr/share/texlive/texmf-dist/tex/latex/beamer/beamerouterthemesplit.sty)
(/usr/share/texlive/texmf-dist/tex/latex/beamer/beamerfontthemestructurebold.st
y)) (/usr/share/texlive/texmf-dist/tex/latex/tools/verbatim.sty
Package: verbatim 2014/10/28 v1.5q LaTeX2e package for verbatim enhancements
\every@verbatim=\toks43
\verbatim@line=\toks44
\verbatim@in@stream=\read2
)
(/usr/share/texlive/texmf-dist/tex/generic/ulem/ulem.sty
\UL@box=\box53
\UL@hyphenbox=\box54
\UL@skip=\skip57
\UL@hook=\toks45
\UL@height=\dimen190
\UL@pe=\count154
\UL@pixel=\dimen191
\ULC@box=\box55
Package: ulem 2012/05/18
\ULdepth=\dimen192
)
(./beamercolorthememule.sty
Package: beamercolorthememule 2007/01/28  (rcs-revision 1.28)
Package hyperref Info: Option `colorlinks' set `true' on input line 225.
)
(/usr/share/texlive/texmf-dist/tex/latex/beamer/beamerfontthemeserif.sty)
(./2019-06-28-suli.aux)
\openout1 = `2019-06-28-suli.aux'.

LaTeX Font Info:    Checking defaults for OML/cmm/m/it on input line 45.
LaTeX Font Info:    ... okay on input line 45.
LaTeX Font Info:    Checking defaults for T1/cmr/m/n on input line 45.
LaTeX Font Info:    ... okay on input line 45.
LaTeX Font Info:    Checking defaults for OT1/cmr/m/n on input line 45.
LaTeX Font Info:    ... okay on input line 45.
LaTeX Font Info:    Checking defaults for OMS/cmsy/m/n on input line 45.
LaTeX Font Info:    ... okay on input line 45.
LaTeX Font Info:    Checking defaults for OMX/cmex/m/n on input line 45.
LaTeX Font Info:    ... okay on input line 45.
LaTeX Font Info:    Checking defaults for U/cmr/m/n on input line 45.
LaTeX Font Info:    ... okay on input line 45.
LaTeX Font Info:    Checking defaults for PD1/pdf/m/n on input line 45.
LaTeX Font Info:    ... okay on input line 45.

*geometry* driver: auto-detecting
*geometry* detected driver: pdftex
*geometry* verbose mode - [ preamble ] result:
* driver: pdftex
* paper: custom
* layout: <same size as paper>
* layoutoffset:(h,v)=(0.0pt,0.0pt)
* modes: includehead includefoot 
* h-part:(L,W,R)=(28.45274pt, 307.28987pt, 28.45274pt)
* v-part:(T,H,B)=(0.0pt, 273.14662pt, 0.0pt)
* \paperwidth=364.19536pt
* \paperheight=273.14662pt
* \textwidth=307.28987pt
* \textheight=244.6939pt
* \oddsidemargin=-43.81725pt
* \evensidemargin=-43.81725pt
* \topmargin=-72.26999pt
* \headheight=14.22636pt
* \headsep=0.0pt
* \topskip=11.0pt
* \footskip=14.22636pt
* \marginparwidth=4.0pt
* \marginparsep=10.0pt
* \columnsep=10.0pt
* \skip\footins=10.0pt plus 4.0pt minus 2.0pt
* \hoffset=0.0pt
* \voffset=0.0pt
* \mag=1000
* \@twocolumnfalse
* \@twosidefalse
* \@mparswitchfalse
* \@reversemarginfalse
* (1in=72.27pt=25.4mm, 1cm=28.453pt)

(/usr/share/texlive/texmf-dist/tex/context/base/mkii/supp-pdf.mkii
[Loading MPS to PDF converter (version 2006.09.02).]
\scratchcounter=\count155
\scratchdimen=\dimen193
\scratchbox=\box56
\nofMPsegments=\count156
\nofMParguments=\count157
\everyMPshowfont=\toks46
\MPscratchCnt=\count158
\MPscratchDim=\dimen194
\MPnumerator=\count159
\makeMPintoPDFobject=\count160
\everyMPtoPDFconversion=\toks47
) (/usr/share/texlive/texmf-dist/tex/latex/oberdiek/epstopdf-base.sty
Package: epstopdf-base 2016/05/15 v2.6 Base part for package epstopdf

(/usr/share/texlive/texmf-dist/tex/latex/oberdiek/grfext.sty
Package: grfext 2016/05/16 v1.2 Manage graphics extensions (HO)
)
Package epstopdf-base Info: Redefining graphics rule for `.eps' on input line 4
38.
Package grfext Info: Graphics extension search list:
(grfext)             [.pdf,.png,.jpg,.mps,.jpeg,.jbig2,.jb2,.PDF,.PNG,.JPG,.JPE
G,.JBIG2,.JB2,.eps]
(grfext)             \AppendGraphicsExtensions on input line 456.

(/usr/share/texlive/texmf-dist/tex/latex/latexconfig/epstopdf-sys.cfg
File: epstopdf-sys.cfg 2010/07/13 v1.3 Configuration of (r)epstopdf for TeX Liv
e
))
ABD: EveryShipout initializing macros
\AtBeginShipoutBox=\box57
Package hyperref Info: Link coloring ON on input line 45.

(/usr/share/texlive/texmf-dist/tex/latex/hyperref/nameref.sty
Package: nameref 2016/05/21 v2.44 Cross-referencing by name of section

(/usr/share/texlive/texmf-dist/tex/generic/oberdiek/gettitlestring.sty
Package: gettitlestring 2016/05/16 v1.5 Cleanup title references (HO)
)
\c@section@level=\count161
)
LaTeX Info: Redefining \ref on input line 45.
LaTeX Info: Redefining \pageref on input line 45.
LaTeX Info: Redefining \nameref on input line 45.

(./2019-06-28-suli.out) (./2019-06-28-suli.out)
\@outlinefile=\write5
\openout5 = `2019-06-28-suli.out'.


(/usr/share/texlive/texmf-dist/tex/latex/translator/translator-basic-dictionary
-English.dict
Dictionary: translator-basic-dictionary, Language: English 
)
(/usr/share/texlive/texmf-dist/tex/latex/translator/translator-bibliography-dic
tionary-English.dict
Dictionary: translator-bibliography-dictionary, Language: English 
)
(/usr/share/texlive/texmf-dist/tex/latex/translator/translator-environment-dict
ionary-English.dict
Dictionary: translator-environment-dictionary, Language: English 
)
(/usr/share/texlive/texmf-dist/tex/latex/translator/translator-months-dictionar
y-English.dict
Dictionary: translator-months-dictionary, Language: English 
)
(/usr/share/texlive/texmf-dist/tex/latex/translator/translator-numbers-dictiona
ry-English.dict
Dictionary: translator-numbers-dictionary, Language: English 
)
(/usr/share/texlive/texmf-dist/tex/latex/translator/translator-theorem-dictiona
ry-English.dict
Dictionary: translator-theorem-dictionary, Language: English 
) (./2019-06-28-suli.nav)
<DES-2013-01-medres.jpg, id=15, 451.6875pt x 254.1495pt>
File: DES-2013-01-medres.jpg Graphic file (type jpg)
<use DES-2013-01-medres.jpg>
Package pdftex.def Info: DES-2013-01-medres.jpg  used on input line 52.
(pdftex.def)             Requested size: 377.60506pt x 273.14662pt.
 [1

 <./DES-2013-01-medres.jpg>]
[2

{/var/lib/texmf/fonts/map/pdftex/updmap/pdftex.map}]
LaTeX Font Info:    Try loading font information for U+msa on input line 85.

(/usr/share/texlive/texmf-dist/tex/latex/amsfonts/umsa.fd
File: umsa.fd 2013/01/14 v3.01 AMS symbols A
)
LaTeX Font Info:    Try loading font information for U+msb on input line 85.

(/usr/share/texlive/texmf-dist/tex/latex/amsfonts/umsb.fd
File: umsb.fd 2013/01/14 v3.01 AMS symbols B
) [3

] [4

] [5

] [6

]
<DES0056-5248_gri_crop.jpg, id=57, 2164.085pt x 1312.905pt>
File: DES0056-5248_gri_crop.jpg Graphic file (type jpg)
<use DES0056-5248_gri_crop.jpg>
Package pdftex.def Info: DES0056-5248_gri_crop.jpg  used on input line 170.
(pdftex.def)             Requested size: 184.37344pt x 111.84586pt.

[7

 <./DES0056-5248_gri_crop.jpg>]
<M104b_peris2048.jpg, id=65, 2055.68pt x 1415.2875pt>
File: M104b_peris2048.jpg Graphic file (type jpg)
<use M104b_peris2048.jpg>
Package pdftex.def Info: M104b_peris2048.jpg  used on input line 177.
(pdftex.def)             Requested size: 364.17215pt x 273.14014pt.
 [8

 <./M104b_peris2048.jpg>]
<UDF_half.jpg, id=73, 746.79pt x 746.79pt>
File: UDF_half.jpg Graphic file (type jpg)
<use UDF_half.jpg>
Package pdftex.def Info: UDF_half.jpg  used on input line 205.
(pdftex.def)             Requested size: 153.64493pt x 153.6399pt.
 [9

 <./UDF_half.jpg>]
File: UDF_half.jpg Graphic file (type jpg)
<use UDF_half.jpg>
Package pdftex.def Info: UDF_half.jpg  used on input line 214.
(pdftex.def)             Requested size: 245.83282pt x 245.82613pt.

Overfull \vbox (3.27951pt too high) detected at line 214
 []

[10

]
<orangepie.jpg, id=84, 651.16pt x 654.11725pt>
File: orangepie.jpg Graphic file (type jpg)
<use orangepie.jpg>
Package pdftex.def Info: orangepie.jpg  used on input line 222.
(pdftex.def)             Requested size: 241.13408pt x 242.23032pt.

Overfull \vbox (2.42119pt too high) detected at line 222
 []

[11

 <./orangepie.jpg>]
<CMB_Timeline300_no_WMAP.jpg, id=90, 1927.2pt x 1252.68pt>
File: CMB_Timeline300_no_WMAP.jpg Graphic file (type jpg)
<use CMB_Timeline300_no_WMAP.jpg>
Package pdftex.def Info: CMB_Timeline300_no_WMAP.jpg  used on input line 311.
(pdftex.def)             Requested size: 153.64493pt x 99.85327pt.
 [12

 <./CMB_Timeline300_no_WMAP.jpg>]
File: CMB_Timeline300_no_WMAP.jpg Graphic file (type jpg)
<use CMB_Timeline300_no_WMAP.jpg>
Package pdftex.def Info: CMB_Timeline300_no_WMAP.jpg  used on input line 344.
(pdftex.def)             Requested size: 153.64493pt x 99.85327pt.
 [13

]
File: CMB_Timeline300_no_WMAP.jpg Graphic file (type jpg)
<use CMB_Timeline300_no_WMAP.jpg>
Package pdftex.def Info: CMB_Timeline300_no_WMAP.jpg  used on input line 352.
(pdftex.def)             Requested size: 276.559pt x 179.75117pt.
 [14

]
<m64-black-eye-galaxy.jpg, id=108, 1606.0pt x 1205.50375pt>
File: m64-black-eye-galaxy.jpg Graphic file (type jpg)
<use m64-black-eye-galaxy.jpg>
Package pdftex.def Info: m64-black-eye-galaxy.jpg  used on input line 385.
(pdftex.def)             Requested size: 153.64493pt x 115.315pt.
File: CMB_Timeline300_no_WMAP.jpg Graphic file (type jpg)
<use CMB_Timeline300_no_WMAP.jpg>
Package pdftex.def Info: CMB_Timeline300_no_WMAP.jpg  used on input line 385.
(pdftex.def)             Requested size: 153.64493pt x 99.85327pt.
 [15

 <./m64-black-eye-galaxy.jpg>] [16

]
<A_Horseshoe_Einstein_Ring_from_Hubble.JPG, id=119, 763.35187pt x 504.38437pt>
File: A_Horseshoe_Einstein_Ring_from_Hubble.JPG Graphic file (type jpg)
<use A_Horseshoe_Einstein_Ring_from_Hubble.JPG>
Package pdftex.def Info: A_Horseshoe_Einstein_Ring_from_Hubble.JPG  used on inp
ut line 404.
(pdftex.def)             Requested size: 307.28987pt x 203.04314pt.
 [17

 <./A_Horseshoe_Einstein_Ring_from_Hubble.JPG>]
<abell-1689-hubble.jpg, id=125, 928.1877pt x 963.6pt>
File: abell-1689-hubble.jpg Graphic file (type jpg)
<use abell-1689-hubble.jpg>
Package pdftex.def Info: abell-1689-hubble.jpg  used on input line 413.
(pdftex.def)             Requested size: 259.25345pt x 269.14662pt.

Overfull \vbox (28.1pt too high) detected at line 413
 []

[18

 <./abell-1689-hubble.jpg>]
<lens_geometry_invert.pdf, id=131, 615.29875pt x 433.62pt>
File: lens_geometry_invert.pdf Graphic file (type pdf)
<use lens_geometry_invert.pdf>
Package pdftex.def Info: lens_geometry_invert.pdf  used on input line 442.
(pdftex.def)             Requested size: 153.64493pt x 108.2724pt.
 [19

 <./lens_geometry_invert.pdf>]
File: lens_geometry_invert.pdf Graphic file (type pdf)
<use lens_geometry_invert.pdf>
Package pdftex.def Info: lens_geometry_invert.pdf  used on input line 449.
(pdftex.def)             Requested size: 261.19826pt x 184.07764pt.
 [20

]
<optics-halliday-resnick-crop.jpg, id=152, 2905.85625pt x 1857.94125pt>
File: optics-halliday-resnick-crop.jpg Graphic file (type jpg)
<use optics-halliday-resnick-crop.jpg>
Package pdftex.def Info: optics-halliday-resnick-crop.jpg  used on input line 4
85.
(pdftex.def)             Requested size: 153.64493pt x 98.23227pt.
File: lens_geometry_invert.pdf Graphic file (type pdf)
<use lens_geometry_invert.pdf>
Package pdftex.def Info: lens_geometry_invert.pdf  used on input line 485.
(pdftex.def)             Requested size: 153.64493pt x 108.2724pt.
 [21

 <./optics-halliday-resnick-crop.jpg>]
File: optics-halliday-resnick-crop.jpg Graphic file (type jpg)
<use optics-halliday-resnick-crop.jpg>
Package pdftex.def Info: optics-halliday-resnick-crop.jpg  used on input line 5
25.
(pdftex.def)             Requested size: 153.64493pt x 98.23227pt.
File: lens_geometry_invert.pdf Graphic file (type pdf)
<use lens_geometry_invert.pdf>
Package pdftex.def Info: lens_geometry_invert.pdf  used on input line 525.
(pdftex.def)             Requested size: 153.64493pt x 108.2724pt.
 [22

]
<QSO_B0957+0561-crop.jpg, id=165, 599.23875pt x 507.8975pt>
File: QSO_B0957+0561-crop.jpg Graphic file (type jpg)
<use QSO_B0957+0561-crop.jpg>
Package pdftex.def Info: QSO_B0957+0561-crop.jpg  used on input line 534.
(pdftex.def)             Requested size: 122.91406pt x 104.1739pt.
 [23

 <./QSO_B0957+0561-crop.jpg>]
File: QSO_B0957+0561-crop.jpg Graphic file (type jpg)
<use QSO_B0957+0561-crop.jpg>
Package pdftex.def Info: QSO_B0957+0561-crop.jpg  used on input line 568.
(pdftex.def)             Requested size: 107.55098pt x 91.1541pt.
File: lens_geometry_invert.pdf Graphic file (type pdf)
<use lens_geometry_invert.pdf>
Package pdftex.def Info: lens_geometry_invert.pdf  used on input line 568.
(pdftex.def)             Requested size: 153.64493pt x 108.2724pt.
 [24

]
File: QSO_B0957+0561-crop.jpg Graphic file (type jpg)
<use QSO_B0957+0561-crop.jpg>
Package pdftex.def Info: QSO_B0957+0561-crop.jpg  used on input line 604.
(pdftex.def)             Requested size: 107.55098pt x 91.1541pt.
File: lens_geometry_invert.pdf Graphic file (type pdf)
<use lens_geometry_invert.pdf>
Package pdftex.def Info: lens_geometry_invert.pdf  used on input line 604.
(pdftex.def)             Requested size: 153.64493pt x 108.2724pt.

[25

]
<scinv-example-invert.pdf, id=182, 490.83376pt x 477.785pt>
File: scinv-example-invert.pdf Graphic file (type pdf)
<use scinv-example-invert.pdf>
Package pdftex.def Info: scinv-example-invert.pdf  used on input line 635.
(pdftex.def)             Requested size: 153.64493pt x 149.55531pt.
 [26

 <./scinv-example-invert.pdf>]
<DES0428-4748-gri-crop.jpg, id=190, 2854.665pt x 2854.665pt>
File: DES0428-4748-gri-crop.jpg Graphic file (type jpg)
<use DES0428-4748-gri-crop.jpg>
Package pdftex.def Info: DES0428-4748-gri-crop.jpg  used on input line 672.
(pdftex.def)             Requested size: 153.64493pt x 153.63126pt.
 [27

 <./DES0428-4748-gri-crop.jpg>]
File: lens_geometry_invert.pdf Graphic file (type pdf)
<use lens_geometry_invert.pdf>
Package pdftex.def Info: lens_geometry_invert.pdf  used on input line 711.
(pdftex.def)             Requested size: 122.9164pt x 86.6166pt.
<shear-illustration-crop2.jpg, id=196, 403.5075pt x 369.38pt>
File: shear-illustration-crop2.jpg Graphic file (type jpg)
<use shear-illustration-crop2.jpg>
Package pdftex.def Info: shear-illustration-crop2.jpg  used on input line 711.
(pdftex.def)             Requested size: 107.55098pt x 98.45448pt.

[28

 <./shear-illustration-crop2.jpg>]
File: UDF_half.jpg Graphic file (type jpg)
<use UDF_half.jpg>
Package pdftex.def Info: UDF_half.jpg  used on input line 742.
(pdftex.def)             Requested size: 153.64493pt x 153.6399pt.
 [29

] [30

] [31

]
File: orangepie.jpg Graphic file (type jpg)
<use orangepie.jpg>
Package pdftex.def Info: orangepie.jpg  used on input line 825.
(pdftex.def)             Requested size: 153.64493pt x 154.3364pt.
 [32

] [33

] [34

]
File: orangepie.jpg Graphic file (type jpg)
<use orangepie.jpg>
Package pdftex.def Info: orangepie.jpg  used on input line 937.
(pdftex.def)             Requested size: 153.64493pt x 154.3364pt.
 [35

]
<zentner-halo-model-inv.png, id=241, 945.5325pt x 949.5475pt>
File: zentner-halo-model-inv.png Graphic file (type png)
<use zentner-halo-model-inv.png>
Package pdftex.def Info: zentner-halo-model-inv.png  used on input line 977.
(pdftex.def)             Requested size: 153.64493pt x 154.29239pt.

[36

 <./zentner-halo-model-inv.png (PNG copy)>]
File: zentner-halo-model-inv.png Graphic file (type png)
<use zentner-halo-model-inv.png>
Package pdftex.def Info: zentner-halo-model-inv.png  used on input line 1018.
(pdftex.def)             Requested size: 153.64493pt x 154.29239pt.
 [37

]
<M104b_peris2048_scale_small.jpg, id=256, 681.54625pt x 468.75125pt>
File: M104b_peris2048_scale_small.jpg Graphic file (type jpg)
<use M104b_peris2048_scale_small.jpg>
Package pdftex.def Info: M104b_peris2048_scale_small.jpg  used on input line 10
53.
(pdftex.def)             Requested size: 122.9164pt x 84.53609pt.
File: zentner-halo-model-inv.png Graphic file (type png)
<use zentner-halo-model-inv.png>
Package pdftex.def Info: zentner-halo-model-inv.png  used on input line 1053.
(pdftex.def)             Requested size: 122.9164pt x 123.43102pt.
 [38

 <./M104b_peris2048_scale_small.jpg>]
File: scinv-example-invert.pdf Graphic file (type pdf)
<use scinv-example-invert.pdf>
Package pdftex.def Info: scinv-example-invert.pdf  used on input line 1084.
(pdftex.def)             Requested size: 153.64493pt x 149.55531pt.
 [39

]
<blanco-dustin-lang.jpg, id=267, 1445.4pt x 1815.78375pt>
File: blanco-dustin-lang.jpg Graphic file (type jpg)
<use blanco-dustin-lang.jpg>
Package pdftex.def Info: blanco-dustin-lang.jpg  used on input line 1117.
(pdftex.def)             Requested size: 149.95193pt x 188.40181pt.
 [40

 <./blanco-dustin-lang.jpg>]
<ctio_blanco_crew_2013Oct-30-small-balance.jpg, id=273, 806.01125pt x 1207.5112
5pt>
File: ctio_blanco_crew_2013Oct-30-small-balance.jpg Graphic file (type jpg)
<use ctio_blanco_crew_2013Oct-30-small-balance.jpg>
Package pdftex.def Info: ctio_blanco_crew_2013Oct-30-small-balance.jpg  used on
 input line 1152.
(pdftex.def)             Requested size: 125.75446pt x 188.40181pt.
 [41

 <./ctio_blanco_crew_2013Oct-30-small-balance.jpg>]
<DES0421-5457-gri-ngc1566.jpg, id=279, 3081.5125pt x 3023.295pt>
File: DES0421-5457-gri-ngc1566.jpg Graphic file (type jpg)
<use DES0421-5457-gri-ngc1566.jpg>
Package pdftex.def Info: DES0421-5457-gri-ngc1566.jpg  used on input line 1161.

(pdftex.def)             Requested size: 245.83282pt x 241.17656pt.

Overfull \vbox (1.36743pt too high) detected at line 1161
 []

[42

 <./DES0421-5457-gri-ngc1566.jpg>]
<xi_all_idit_bias_icolor-crop.png, id=285, 1317.92375pt x 1716.4125pt>
File: xi_all_idit_bias_icolor-crop.png Graphic file (type png)
<use xi_all_idit_bias_icolor-crop.png>
Package pdftex.def Info: xi_all_idit_bias_icolor-crop.png  used on input line 1
202.
(pdftex.def)             Requested size: 153.64493pt x 200.09398pt.
 [43

 <./xi_all_idit_bias_icolor-crop.png (PNG copy)>]
<xi_notomo_neg.png, id=292, 1367.1075pt x 1589.94pt>
File: xi_notomo_neg.png Graphic file (type png)
<use xi_notomo_neg.png>
Package pdftex.def Info: xi_notomo_neg.png  used on input line 1239.
(pdftex.def)             Requested size: 153.64493pt x 178.67857pt.
 [44

 <./xi_notomo_neg.png (PNG copy)>]
<3x2-fig10.png, id=298, 615.29875pt x 570.13pt>
File: 3x2-fig10.png Graphic file (type png)
<use 3x2-fig10.png>
Package pdftex.def Info: 3x2-fig10.png  used on input line 1274.
(pdftex.def)             Requested size: 153.64493pt x 142.35815pt.
 [45

 <./3x2-fig10.png>]
File: 3x2-fig10.png Graphic file (type png)
<use 3x2-fig10.png>
Package pdftex.def Info: 3x2-fig10.png  used on input line 1310.
(pdftex.def)             Requested size: 153.64493pt x 142.35815pt.

[46

]
<DES0022-4831-four.jpg, id=312, 1898.09125pt x 1430.34375pt>
File: DES0022-4831-four.jpg Graphic file (type jpg)
<use DES0022-4831-four.jpg>
Package pdftex.def Info: DES0022-4831-four.jpg  used on input line 1348.
(pdftex.def)             Requested size: 184.37344pt x 138.91777pt.
 [47

 <./DES0022-4831-four.jpg>]
\tf@nav=\write6
\openout6 = `2019-06-28-suli.nav'.

\tf@toc=\write7
\openout7 = `2019-06-28-suli.toc'.

\tf@snm=\write8
\openout8 = `2019-06-28-suli.snm'.

Package atveryend Info: Empty hook `BeforeClearDocument' on input line 1352.
Package atveryend Info: Empty hook `AfterLastShipout' on input line 1352.
 (./2019-06-28-suli.aux)
Package atveryend Info: Executing hook `AtVeryEndDocument' on input line 1352.
Package atveryend Info: Executing hook `AtEndAfterFileList' on input line 1352.

Package rerunfilecheck Info: File `2019-06-28-suli.out' has not changed.
(rerunfilecheck)             Checksum: D41D8CD98F00B204E9800998ECF8427E;0.
 ) 
Here is how much of TeX's memory you used:
 17404 strings out of 492982
 330522 string characters out of 6134896
 396476 words of memory out of 5000000
 20447 multiletter control sequences out of 15000+600000
 17274 words of font info for 67 fonts, out of 8000000 for 9000
 1141 hyphenation exceptions out of 8191
 56i,12n,61p,778b,621s stack positions out of 5000i,500n,10000p,200000b,80000s
</usr/share/texlive/texmf-dist/fonts/type1/public/amsfonts/cm/cmmi10.pfb></us
r/share/texlive/texmf-dist/fonts/type1/public/amsfonts/cm/cmmi12.pfb></usr/shar
e/texlive/texmf-dist/fonts/type1/public/amsfonts/cm/cmmi7.pfb></usr/share/texli
ve/texmf-dist/fonts/type1/public/amsfonts/cm/cmmi9.pfb></usr/share/texlive/texm
f-dist/fonts/type1/public/amsfonts/cm/cmr10.pfb></usr/share/texlive/texmf-dist/
fonts/type1/public/amsfonts/cm/cmr12.pfb></usr/share/texlive/texmf-dist/fonts/t
ype1/public/amsfonts/cm/cmr17.pfb></usr/share/texlive/texmf-dist/fonts/type1/pu
blic/amsfonts/cm/cmr6.pfb></usr/share/texlive/texmf-dist/fonts/type1/public/ams
fonts/cm/cmr7.pfb></usr/share/texlive/texmf-dist/fonts/type1/public/amsfonts/cm
/cmr8.pfb></usr/share/texlive/texmf-dist/fonts/type1/public/amsfonts/cm/cmr9.pf
b></usr/share/texlive/texmf-dist/fonts/type1/public/amsfonts/cm/cmsy10.pfb></us
r/share/texlive/texmf-dist/fonts/type1/public/amsfonts/cm/cmsy9.pfb></usr/share
/texlive/texmf-dist/fonts/type1/public/amsfonts/cm/cmti10.pfb></usr/share/texli
ve/texmf-dist/fonts/type1/public/amsfonts/cm/cmti12.pfb></usr/share/texlive/tex
mf-dist/fonts/type1/public/amsfonts/symbols/msam10.pfb>
Output written on 2019-06-28-suli.pdf (47 pages, 19587811 bytes).
PDF statistics:
 393 PDF objects out of 1000 (max. 8388607)
 288 compressed objects within 3 object streams
 95 named destinations out of 1000 (max. 500000)
 187 words of extra memory for PDF output out of 10000 (max. 10000000)

